Change Physical Footprint: Designator=C7 Old Footprint=0402 New Footprint=0402
Change Physical Footprint: Designator=C9 Old Footprint=0402 New Footprint=0402
Change Physical Footprint: Designator=C10 Old Footprint=0402 New Footprint=0402
Change Physical Footprint: Designator=C12 Old Footprint=0402 New Footprint=0402
Change Physical Footprint: Designator=C13 Old Footprint=0402 New Footprint=0402
Change Physical Footprint: Designator=C14 Old Footprint=0402 New Footprint=0402
Change Physical Footprint: Designator=C15 Old Footprint=0402 New Footprint=0402
Change Physical Footprint: Designator=C16 Old Footprint=0402 New Footprint=0402
Change Physical Footprint: Designator=C17 Old Footprint=0402 New Footprint=0402
Change Physical Footprint: Designator=C18 Old Footprint=0402 New Footprint=0402
Change Physical Footprint: Designator=D1 Old Footprint=FP-LTST-C191TBKT-MFG New Footprint=FP-LTST-C191TBKT-MFG
Change Physical Footprint: Designator=D2 Old Footprint=FP-LTST-C191TBKT-MFG New Footprint=FP-LTST-C191TBKT-MFG
Change Physical Footprint: Designator=P1 Old Footprint=HRS-U.FL-R-SMT-3_V New Footprint=HRS-U.FL-R-SMT-3_V
Change Physical Footprint: Designator=P2 Old Footprint=HRS-U.FL-R-SMT-3_V New Footprint=HRS-U.FL-R-SMT-3_V
Change Physical Footprint: Designator=P3 Old Footprint=HRS-U.FL-R-SMT-3_V New Footprint=HRS-U.FL-R-SMT-3_V
Change Physical Footprint: Designator=P4 Old Footprint=HRS-U.FL-R-SMT-3_V New Footprint=HRS-U.FL-R-SMT-3_V
Change Physical Footprint: Designator=P5 Old Footprint=HRS-U.FL-R-SMT-3_V New Footprint=HRS-U.FL-R-SMT-3_V
Change Physical Footprint: Designator=R3 Old Footprint=0402 New Footprint=0402
Change Physical Footprint: Designator=R4 Old Footprint=0402 New Footprint=0402
Change Physical Footprint: Designator=R5 Old Footprint=0402 New Footprint=0402
Change Physical Footprint: Designator=R6 Old Footprint=0402 New Footprint=0402
Change Physical Footprint: Designator=R8 Old Footprint=0402 New Footprint=0402
Change Physical Footprint: Designator=R9 Old Footprint=0402 New Footprint=0402
Change Physical Footprint: Designator=R10 Old Footprint=0402 New Footprint=0402
Change Physical Footprint: Designator=R11 Old Footprint=0402 New Footprint=0402
Change Physical Footprint: Designator=R12 Old Footprint=0402 New Footprint=0402
Change Physical Footprint: Designator=R13 Old Footprint=0402 New Footprint=0402
Change Physical Footprint: Designator=R14 Old Footprint=0402 New Footprint=0402
Change Physical Footprint: Designator=R15 Old Footprint=0402 New Footprint=0402
Change Physical Footprint: Designator=R17 Old Footprint=0402 New Footprint=0402
Change Physical Footprint: Designator=R18 Old Footprint=0402 New Footprint=0402
Change Physical Footprint: Designator=SW1 Old Footprint=FP-JS102011SAQN-MFG New Footprint=FP-JS102011SAQN-MFG
