Added Component: Designator=A9(LoRa_ANT_915_shorter_1_loop)
Added Pin To Net: NetName=LoRa_ANT Pin=A9-ANT
Added Member To Class: ClassName=V2.3 Member=Component A9 helical_antenna_shorter_1_loop
Added Member To Class: ClassName=V2.3 Member=Component AE1 1575AT43A0040E
Added Member To Class: ClassName=V2.3 Member=Component C1 C0402C223K8PACTU
Added Member To Class: ClassName=V2.3 Member=Component C2 C0402C223K8PACTU
Added Member To Class: ClassName=V2.3 Member=Component C3 C0402C223K8PACTU
Added Member To Class: ClassName=V2.3 Member=Component C4 C0402C223K8PACTU
Added Member To Class: ClassName=V2.3 Member=Component C5 C0402C223K8PACTU
Added Member To Class: ClassName=V2.3 Member=Component C6 C0402C223K8PACTU
Added Member To Class: ClassName=V2.3 Member=Component C7 4.7uF
Added Member To Class: ClassName=V2.3 Member=Component C8 47uF
Added Member To Class: ClassName=V2.3 Member=Component C9 0.1uF
Added Member To Class: ClassName=V2.3 Member=Component C10 10uF
Added Member To Class: ClassName=V2.3 Member=Component C11 47uF
Added Member To Class: ClassName=V2.3 Member=Component C12 0.1uF
Added Member To Class: ClassName=V2.3 Member=Component C13 10uF
Added Member To Class: ClassName=V2.3 Member=Component C14 22pF
Added Member To Class: ClassName=V2.3 Member=Component C15 0.1uF
Added Member To Class: ClassName=V2.3 Member=Component C16 22pF
Added Member To Class: ClassName=V2.3 Member=Component C17 0.1uF
Added Member To Class: ClassName=V2.3 Member=Component C18 100nF
Added Member To Class: ClassName=V2.3 Member=Component D1 LTST-C191TBKT
Added Member To Class: ClassName=V2.3 Member=Component D2 LTST-C191TBKT
Added Member To Class: ClassName=V2.3 Member=Component L1 10uH
Added Member To Class: ClassName=V2.3 Member=Component P1 U.FL-R-SMT-1(01)
Added Member To Class: ClassName=V2.3 Member=Component P2 U.FL-R-SMT-1(01)
Added Member To Class: ClassName=V2.3 Member=Component P3 U.FL-R-SMT-1(01)
Added Member To Class: ClassName=V2.3 Member=Component P4 U.FL-R-SMT-1(01)
Added Member To Class: ClassName=V2.3 Member=Component P5 U.FL-R-SMT-1(01)
Added Member To Class: ClassName=V2.3 Member=Component P6 61300811121
Added Member To Class: ClassName=V2.3 Member=Component PS1 ALTA_CELL
Added Member To Class: ClassName=V2.3 Member=Component PS2 ALTA_CELL
Added Member To Class: ClassName=V2.3 Member=Component R1 0k
Added Member To Class: ClassName=V2.3 Member=Component R2 0k
Added Member To Class: ClassName=V2.3 Member=Component R3 1k
Added Member To Class: ClassName=V2.3 Member=Component R4 1k6
Added Member To Class: ClassName=V2.3 Member=Component R5 0k
Added Member To Class: ClassName=V2.3 Member=Component R6 0k
Added Member To Class: ClassName=V2.3 Member=Component R7 0k
Added Member To Class: ClassName=V2.3 Member=Component R8 2.2k
Added Member To Class: ClassName=V2.3 Member=Component R9 2.2k
Added Member To Class: ClassName=V2.3 Member=Component R10 10k
Added Member To Class: ClassName=V2.3 Member=Component R11 10k
Added Member To Class: ClassName=V2.3 Member=Component R12 4.7k
Added Member To Class: ClassName=V2.3 Member=Component R13 10k
Added Member To Class: ClassName=V2.3 Member=Component R14 10k
Added Member To Class: ClassName=V2.3 Member=Component R15 10k
Added Member To Class: ClassName=V2.3 Member=Component R16 50
Added Member To Class: ClassName=V2.3 Member=Component R17 10k
Added Member To Class: ClassName=V2.3 Member=Component R18 10k
Added Member To Class: ClassName=V2.3 Member=Component SW1 JS102011SAQN
Added Member To Class: ClassName=V2.3 Member=Component U1 MODULE_LORA_E5
Added Member To Class: ClassName=V2.3 Member=Component U2 MAX-M10S-00B
Added Member To Class: ClassName=V2.3 Member=Component U3 BNO085
Added Member To Class: ClassName=V2.3 Member=Component U4 L6920
Added Member To Class: ClassName=V2.3 Member=Component U5 d58e2f6669bc67e6a2bc6a28610ca79
Added Member To Class: ClassName=V2.3 Member=Component U6 W25Q16JVSNIQ
Added Member To Class: ClassName=V2.3 Member=Component Y1 9HT10-32.768KBZF-T
