Removed Pin From Net: NetName=GPS_ANT_Tuning Pin=C1-1
Removed Pin From Net: NetName=GPS_ANT Pin=C1-2
Removed Pin From Net: NetName=LoRa_ANT Pin=C2-1
Removed Pin From Net: NetName=LoRa_ANT_Tuning Pin=C2-2
Removed Pin From Net: NetName=GND Pin=C3-1
Removed Pin From Net: NetName=LoRa_ANT Pin=C3-2
Removed Pin From Net: NetName=LoRa_ANT_Tuning Pin=C4-1
Removed Pin From Net: NetName=GND Pin=C4-2
Removed Pin From Net: NetName=GPS_ANT_Tuning Pin=C5-1
Removed Pin From Net: NetName=GND Pin=C5-2
Removed Pin From Net: NetName=GPS_ANT Pin=C6-1
Removed Pin From Net: NetName=VCC Pin=C7-1
Removed Pin From Net: NetName=VCC Pin=C8-1
Removed Pin From Net: NetName=GND Pin=C11-1
Removed Pin From Net: NetName=VIN Pin=C11-2
Removed Pin From Net: NetName=VCC Pin=C13-1
Removed Pin From Net: NetName=GND Pin=C13-2
Removed Pin From Net: NetName=VCC Pin=C18-1
Removed Pin From Net: NetName=GND Pin=U1-2
Removed Pin From Net: NetName=SWDIO Pin=U1-3
Removed Pin From Net: NetName=SWCLK Pin=U1-4
Removed Pin From Net: NetName=SCL Pin=U1-5
Removed Pin From Net: NetName=SDA Pin=U1-6
Removed Pin From Net: NetName=IMU_RESET Pin=U1-7
Removed Pin From Net: NetName=IMU_INTN Pin=U1-8
Removed Pin From Net: NetName=RX Pin=U1-9
Removed Pin From Net: NetName=TX Pin=U1-10
Removed Pin From Net: NetName=GPS_RESET Pin=U1-11
Removed Pin From Net: NetName=GPS_RX Pin=U1-12
Removed Pin From Net: NetName=GPS_TX Pin=U1-13
Removed Pin From Net: NetName=GND Pin=U1-14
Removed Pin From Net: NetName=PI_NETWORK_LoRa Pin=U1-15
Removed Pin From Net: NetName=GND Pin=U1-16
Removed Pin From Net: NetName=NRST Pin=U1-17
Removed Pin From Net: NetName=NetR4_2 Pin=U1-21
Removed Pin From Net: NetName=GND Pin=U1-22
Removed Pin From Net: NetName=SCK Pin=U1-24
Removed Pin From Net: NetName=CS Pin=U1-25
Removed Pin From Net: NetName=MISO Pin=U1-26
Removed Pin From Net: NetName=MOSI Pin=U1-27
Removed Pin From Net: NetName=GND Pin=U2-1
Removed Pin From Net: NetName=GPS_RX Pin=U2-2
Removed Pin From Net: NetName=GPS_TX Pin=U2-3
Removed Pin From Net: NetName=NetR3_1 Pin=U2-4
Removed Pin From Net: NetName=NetR5_2 Pin=U2-6
Removed Pin From Net: NetName=VCC Pin=U2-7
Removed Pin From Net: NetName=VCC Pin=U2-8
Removed Pin From Net: NetName=NetR6_2 Pin=U2-9
Removed Pin From Net: NetName=GND Pin=U2-10
Removed Pin From Net: NetName=PI_NETWORK_GPS Pin=U2-11
Removed Pin From Net: NetName=GND Pin=U2-12
Removed Pin From Net: NetName=GND Pin=U3-2
Removed Pin From Net: NetName=VCC Pin=U3-3
Removed Pin From Net: NetName=NetR10_1 Pin=U3-4
Removed Pin From Net: NetName=NetR11_1 Pin=U3-5
Removed Pin From Net: NetName=NetR13_1 Pin=U3-6
Removed Pin From Net: NetName=IMU_RESET Pin=U3-11
Removed Pin From Net: NetName=IMU_INTN Pin=U3-14
Removed Pin From Net: NetName=NetR17_1 Pin=U3-17
Removed Pin From Net: NetName=NetR14_2 Pin=U3-18
Removed Pin From Net: NetName=SCL Pin=U3-19
Removed Pin From Net: NetName=SDA Pin=U3-20
Removed Pin From Net: NetName=GND Pin=U3-25
Removed Pin From Net: NetName=NetC16_1 Pin=U3-26
Removed Pin From Net: NetName=VCC Pin=U3-28
Removed Pin From Net: NetName=VCC Pin=U4-1
Removed Pin From Net: NetName=VIN Pin=U4-5
Removed Pin From Net: NetName=GND Pin=U4-6
Removed Pin From Net: NetName=NetL1_1 Pin=U4-7
Removed Pin From Net: NetName=VCC Pin=U4-8
Removed Pin From Net: NetName=NetC16_1 Pin=Y1-1
Change Component Footprint: Designator=C7 Old Footprint=0402 New Footprint=PI_NET_CAPACITOR_0402
Change Component Footprint: Designator=C10 Old Footprint=0402 New Footprint=RCL_M0805
Change Component Footprint: Designator=C13 Old Footprint=0402 New Footprint=RCL_M0805
Change Component Footprint: Designator=U2 Old Footprint=FP-MAX-M10S-00B-MFG - duplicate New Footprint=MODULE28P-1-25-12X12X2-5MM
Change Component Footprint: Designator=U4 Old Footprint=L6920_L6920 New Footprint=QFN28_BNO086_CEV
Change Component Footprint: Designator=U1 Old Footprint=MODULE28P-1-25-12X12X2-5MM New Footprint=L6920DBTR
Change Component Footprint: Designator=C1 Old Footprint=PI_NET_CAPACITOR_0402 New Footprint=RCL_M0805
Change Component Footprint: Designator=C2 Old Footprint=PI_NET_CAPACITOR_0402 New Footprint=RCL_M0805
Change Component Footprint: Designator=U3 Old Footprint=QFN28_BNO086_CEV New Footprint=FP-MAX-M10S-00B-MFG - duplicate
Change Component Footprint: Designator=C11 Old Footprint=RCL_M0805 New Footprint=0402
Change Component Footprint: Designator=C8 Old Footprint=RCL_M0805 New Footprint=PI_NET_CAPACITOR_0402
Change Component Comment : Designator=C9 Old Comment=0.1uF New Comment=4.7uF
Change Component Comment : Designator=C12 Old Comment=0.1uF New Comment=10uF
Change Component Comment : Designator=C15 Old Comment=0.1uF New Comment=10uF
Change Component Comment : Designator=C7 Old Comment=4.7uF New Comment=C0402C223K8PACTU
Change Component Comment : Designator=C10 Old Comment=10uF New Comment=47uF
Change Component Comment : Designator=C13 Old Comment=10uF New Comment=47uF
Change Component Comment : Designator=C14 Old Comment=22pF New Comment=0.1uF
Change Component Comment : Designator=C11 Old Comment=47uF New Comment=0.1uF
Change Component Comment : Designator=C8 Old Comment=47uF New Comment=C0402C223K8PACTU
Change Component Comment : Designator=C18 Old Comment=100nF New Comment=22pF
Change Component Comment : Designator=U3 Old Comment=BNO085 New Comment=MAX-M10S-00B
Change Component Comment : Designator=C1 Old Comment=C0402C223K8PACTU New Comment=47uF
Change Component Comment : Designator=C2 Old Comment=C0402C223K8PACTU New Comment=47uF
Change Component Comment : Designator=U4 Old Comment=L6920 New Comment=BNO085
Change Component Comment : Designator=U2 Old Comment=MAX-M10S-00B New Comment=MODULE_LORA_E5
Change Component Comment : Designator=U1 Old Comment=MODULE_LORA_E5 New Comment=L6920DBTR
Change component parameters: Designator = "C1" ("C1"); Footprint = "PI_NET_CAPACITOR_0402"; UniqueID = "\PTVXNNWR" ("\PTVXNNWR")
Change component parameters (AddParameter): Name = "DeviceName"; Value = "C0805K"; VariantName = "[No Variations]"
Change component parameters (AddParameter): Name = "DeviceSetName"; Value = "C-EU"; VariantName = "[No Variations]"
Change component parameters (AddParameter): Name = "GateName_1"; Value = "G$1"; VariantName = "[No Variations]"
Change component parameters (AddParameter): Name = "LibraryName"; Value = "rcl"; VariantName = "[No Variations]"
Change component parameters (AddParameter): Name = "SymbolName_1"; Value = "C-EU"; VariantName = "[No Variations]"
Change component parameters: Designator = "C2" ("C2"); Footprint = "PI_NET_CAPACITOR_0402"; UniqueID = "\GEEIVZIN" ("\GEEIVZIN")
Change component parameters (AddParameter): Name = "DeviceName"; Value = "C0805K"; VariantName = "[No Variations]"
Change component parameters (AddParameter): Name = "DeviceSetName"; Value = "C-EU"; VariantName = "[No Variations]"
Change component parameters (AddParameter): Name = "GateName_1"; Value = "G$1"; VariantName = "[No Variations]"
Change component parameters (AddParameter): Name = "LibraryName"; Value = "rcl"; VariantName = "[No Variations]"
Change component parameters (AddParameter): Name = "SymbolName_1"; Value = "C-EU"; VariantName = "[No Variations]"
Change component parameters: Designator = "C7" ("C7"); Footprint = "0402"; UniqueID = "\MBZKIUBZ" ("\MBZKIUBZ")
Change component parameters (AddParameter): Name = "Automotive"; Value = "No"; VariantName = "[No Variations]"
Change component parameters (AddParameter): Name = "Capacitance"; Value = "22,000 pF"; VariantName = "[No Variations]"
Change component parameters (AddParameter): Name = "Category"; Value = "Cap"; VariantName = "[No Variations]"
Change component parameters (AddParameter): Name = "ComponentLink2Description"; Value = "Datasheet"; VariantName = "[No Variations]"
Change component parameters (AddParameter): Name = "ComponentLink2URL"; Value = "https://content.kemet.com/datasheets/KEM_C1002_X7R_SMD.pdf"; VariantName = "[No Variations]"
Change component parameters (AddParameter): Name = "Device Class L1"; Value = "Passive Components"; VariantName = "[No Variations]"
Change component parameters (AddParameter): Name = "Device Class L2"; Value = "Capacitors"; VariantName = "[No Variations]"
Change component parameters (AddParameter): Name = "Device Class L3"; Value = "Ceramic Capacitors"; VariantName = "[No Variations]"
Change component parameters (AddParameter): Name = "Digikey Description"; Value = "CAP CER 0.022UF 10V X5R 0402"; VariantName = "[No Variations]"
Change component parameters (AddParameter): Name = "Height"; Value = "0.55mm"; VariantName = "[No Variations]"
Change component parameters (AddParameter): Name = "Ipc Land Pattern Name"; Value = "CAPC10050X50"; VariantName = "[No Variations]"
Change component parameters (AddParameter): Name = "Lead Free"; Value = "Yes"; VariantName = "[No Variations]"
Change component parameters (AddParameter): Name = "Manufacturer"; Value = "Kemet"; VariantName = "[No Variations]"
Change component parameters (AddParameter): Name = "Manufacturer Part Number"; Value = "C0402C223K8PACTU"; VariantName = "[No Variations]"
Change component parameters (AddParameter): Name = "Material"; Value = "Ceramic"; VariantName = "[No Variations]"
Change component parameters (AddParameter): Name = "Mouser Description"; Value = "Multilayer Ceramic Capacitors MLCC - SMD/SMT 10volts 22000pF X5R 10%"; VariantName = "[No Variations]"
Change component parameters (AddParameter): Name = "Octopart"; Value = "https://octopart.com/c0402c223k8pactu-kemet-140074"; VariantName = "[No Variations]"
Change component parameters (AddParameter): Name = "Package"; Value = "C0402-BB"; VariantName = "[No Variations]"
Change component parameters (AddParameter): Name = "RoHS"; Value = "TRUE"; VariantName = "[No Variations]"
Change component parameters (AddParameter): Name = "Temperature"; Value = "-55°C to +125°C"; VariantName = "[No Variations]"
Change component parameters (AddParameter): Name = "Temperature Characteristic"; Value = "X5R"; VariantName = "[No Variations]"
Change component parameters (AddParameter): Name = "Temperature Coefficient"; Value = "15%"; VariantName = "[No Variations]"
Change component parameters (AddParameter): Name = "Temperature Range High"; Value = "+125°C"; VariantName = "[No Variations]"
Change component parameters (AddParameter): Name = "Temperature Range Low"; Value = "-55°C"; VariantName = "[No Variations]"
Change component parameters (AddParameter): Name = "Tolerance"; Value = "0.1"; VariantName = "[No Variations]"
Change component parameters (AddParameter): Name = "Value"; Value = "22,000 pF"; VariantName = "[No Variations]"
Change component parameters (AddParameter): Name = "Voltage Rating"; Value = "10 V"; VariantName = "[No Variations]"
Change component parameters: Designator = "C8" ("C8"); Footprint = "RCL_M0805"; UniqueID = "\SJPWZNCP" ("\SJPWZNCP")
Change component parameters (AddParameter): Name = "Automotive"; Value = "No"; VariantName = "[No Variations]"
Change component parameters (AddParameter): Name = "Capacitance"; Value = "22,000 pF"; VariantName = "[No Variations]"
Change component parameters (AddParameter): Name = "Category"; Value = "Cap"; VariantName = "[No Variations]"
Change component parameters (AddParameter): Name = "ComponentLink2Description"; Value = "Datasheet"; VariantName = "[No Variations]"
Change component parameters (AddParameter): Name = "ComponentLink2URL"; Value = "https://content.kemet.com/datasheets/KEM_C1002_X7R_SMD.pdf"; VariantName = "[No Variations]"
Change component parameters (AddParameter): Name = "Device Class L1"; Value = "Passive Components"; VariantName = "[No Variations]"
Change component parameters (AddParameter): Name = "Device Class L2"; Value = "Capacitors"; VariantName = "[No Variations]"
Change component parameters (AddParameter): Name = "Device Class L3"; Value = "Ceramic Capacitors"; VariantName = "[No Variations]"
Change component parameters (AddParameter): Name = "Digikey Description"; Value = "CAP CER 0.022UF 10V X5R 0402"; VariantName = "[No Variations]"
Change component parameters (AddParameter): Name = "Height"; Value = "0.55mm"; VariantName = "[No Variations]"
Change component parameters (AddParameter): Name = "Ipc Land Pattern Name"; Value = "CAPC10050X50"; VariantName = "[No Variations]"
Change component parameters (AddParameter): Name = "Lead Free"; Value = "Yes"; VariantName = "[No Variations]"
Change component parameters (AddParameter): Name = "Manufacturer"; Value = "Kemet"; VariantName = "[No Variations]"
Change component parameters (AddParameter): Name = "Manufacturer Part Number"; Value = "C0402C223K8PACTU"; VariantName = "[No Variations]"
Change component parameters (AddParameter): Name = "Material"; Value = "Ceramic"; VariantName = "[No Variations]"
Change component parameters (AddParameter): Name = "Mouser Description"; Value = "Multilayer Ceramic Capacitors MLCC - SMD/SMT 10volts 22000pF X5R 10%"; VariantName = "[No Variations]"
Change component parameters (AddParameter): Name = "Octopart"; Value = "https://octopart.com/c0402c223k8pactu-kemet-140074"; VariantName = "[No Variations]"
Change component parameters (AddParameter): Name = "Package"; Value = "C0402-BB"; VariantName = "[No Variations]"
Change component parameters (AddParameter): Name = "RoHS"; Value = "TRUE"; VariantName = "[No Variations]"
Change component parameters (AddParameter): Name = "Temperature"; Value = "-55°C to +125°C"; VariantName = "[No Variations]"
Change component parameters (AddParameter): Name = "Temperature Characteristic"; Value = "X5R"; VariantName = "[No Variations]"
Change component parameters (AddParameter): Name = "Temperature Coefficient"; Value = "15%"; VariantName = "[No Variations]"
Change component parameters (AddParameter): Name = "Temperature Range High"; Value = "+125°C"; VariantName = "[No Variations]"
Change component parameters (AddParameter): Name = "Temperature Range Low"; Value = "-55°C"; VariantName = "[No Variations]"
Change component parameters (AddParameter): Name = "Tolerance"; Value = "0.1"; VariantName = "[No Variations]"
Change component parameters (AddParameter): Name = "Value"; Value = "22,000 pF"; VariantName = "[No Variations]"
Change component parameters (AddParameter): Name = "Voltage Rating"; Value = "10 V"; VariantName = "[No Variations]"
Change component parameters: Designator = "C18" ("C18"); Footprint = "0402"; UniqueID = "\AGNSATOV" ("\AGNSATOV")
Change component parameters (AddParameter): Name = "DeviceName"; Value = "C0805K"; VariantName = "[No Variations]"
Change component parameters (AddParameter): Name = "DeviceSetName"; Value = "C-EU"; VariantName = "[No Variations]"
Change component parameters (AddParameter): Name = "GateName_1"; Value = "G$1"; VariantName = "[No Variations]"
Change component parameters (AddParameter): Name = "LibraryName"; Value = "rcl"; VariantName = "[No Variations]"
Change component parameters (AddParameter): Name = "SymbolName_1"; Value = "C-EU"; VariantName = "[No Variations]"
Change component parameters: Designator = "U1" ("U1"); Footprint = "MODULE28P-1-25-12X12X2-5MM"; UniqueID = "\LCTOERRO" ("\LCTOERRO")
Change component parameters (AddParameter): Name = "Automotive"; Value = "No"; VariantName = "[No Variations]"
Change component parameters (AddParameter): Name = "Category"; Value = "IC"; VariantName = "[No Variations]"
Change component parameters (AddParameter): Name = "Ciiva Ids"; Value = "1483122"; VariantName = "[No Variations]"
Change component parameters (AddParameter): Name = "ComponentLink2Description"; Value = "Datasheet"; VariantName = "[No Variations]"
Change component parameters (AddParameter): Name = "ComponentLink2URL"; Value = "https://www.st.com/content/ccc/resource/technical/document/datasheet/38/68/3c/50/c4/07/4b/83/CD00055960.pdf/files/CD00055960.pdf/jcr:content/translations/en.CD00055960.pdf"; VariantName = "[No Variations]"
Change component parameters (AddParameter): Name = "Device Class L1"; Value = "Integrated Circuits (ICs)"; VariantName = "[No Variations]"
Change component parameters (AddParameter): Name = "Device Class L2"; Value = "Power Management ICs"; VariantName = "[No Variations]"
Change component parameters (AddParameter): Name = "Device Class L3"; Value = "Voltage Regulators - Switching"; VariantName = "[No Variations]"
Change component parameters (AddParameter): Name = "Digikey Description"; Value = "IC REG BOOST ADJ/FIX 800MA 8MSOP"; VariantName = "[No Variations]"
Change component parameters (AddParameter): Name = "Height"; Value = "1.1mm"; VariantName = "[No Variations]"
Change component parameters (AddParameter): Name = "Import Ts"; Value = "1521869038"; VariantName = "[No Variations]"
Change component parameters (AddParameter): Name = "Ipc Land Pattern Name"; Value = "SOIC65P490X130-8"; VariantName = "[No Variations]"
Change component parameters (AddParameter): Name = "Lead Free"; Value = "Yes"; VariantName = "[No Variations]"
Change component parameters (AddParameter): Name = "Manufacturer"; Value = "STMicroelectronics"; VariantName = "[No Variations]"
Change component parameters (AddParameter): Name = "Manufacturer Part Number"; Value = "L6920DBTR"; VariantName = "[No Variations]"
Change component parameters (AddParameter): Name = "Max Junction Temp"; Value = "+150°C"; VariantName = "[No Variations]"
Change component parameters (AddParameter): Name = "Max Supply Voltage"; Value = "5.5V"; VariantName = "[No Variations]"
Change component parameters (AddParameter): Name = "Min Supply Voltage"; Value = "0.8V"; VariantName = "[No Variations]"
Change component parameters (AddParameter): Name = "Mouser Description"; Value = "Switching Voltage Regulators SYNCRONOUS RECT. STEP UP CONVERTER"; VariantName = "[No Variations]"
Change component parameters (AddParameter): Name = "Nominal Supply Current"; Value = "9-11uA"; VariantName = "[No Variations]"
Change component parameters (AddParameter): Name = "Number Of Outputs"; Value = "1"; VariantName = "[No Variations]"
Change component parameters (AddParameter): Name = "Octopart"; Value = "https://octopart.com/l6920dbtr-stmicroelectronics-440113"; VariantName = "[No Variations]"
Change component parameters (AddParameter): Name = "Output Current"; Value = "800mA"; VariantName = "[No Variations]"
Change component parameters (AddParameter): Name = "Output Type"; Value = "AdjustableProgrammable"; VariantName = "[No Variations]"
Change component parameters (AddParameter): Name = "Output Voltage"; Value = "1.8-5.2V"; VariantName = "[No Variations]"
Change component parameters (AddParameter): Name = "Package"; Value = "MSOP8"; VariantName = "[No Variations]"
Change component parameters (AddParameter): Name = "Release Date"; Value = "1327448952"; VariantName = "[No Variations]"
Change component parameters (AddParameter): Name = "RoHS"; Value = "TRUE"; VariantName = "[No Variations]"
Change component parameters (AddParameter): Name = "Standoff Height"; Value = "0.05mm"; VariantName = "[No Variations]"
Change component parameters (AddParameter): Name = "Switching Frequency"; Value = "1MHz"; VariantName = "[No Variations]"
Change component parameters (AddParameter): Name = "Switching Topology"; Value = "Boost"; VariantName = "[No Variations]"
Change component parameters (AddParameter): Name = "Temperature"; Value = "to +150°C"; VariantName = "[No Variations]"
Change component parameters (AddParameter): Name = "Temperature Range High"; Value = "+150°C"; VariantName = "[No Variations]"
Change component parameters: Designator = "U2" ("U2"); Footprint = "FP-MAX-M10S-00B-MFG - duplicate"; UniqueID = "\YRRVONNZ" ("\YRRVONNZ")
Change component parameters (AddParameter): Name = "DeviceName"; Value = ""; VariantName = "[No Variations]"
Change component parameters (AddParameter): Name = "DeviceSetName"; Value = "MODULE_LORA_E5"; VariantName = "[No Variations]"
Change component parameters (AddParameter): Name = "GateName_1"; Value = "G$1"; VariantName = "[No Variations]"
Change component parameters (AddParameter): Name = "LibraryName"; Value = "LORA-E5_Eagle_Library"; VariantName = "[No Variations]"
Change component parameters (AddParameter): Name = "Package"; Value = "MODULE28P-1.25-12X12X2.5MM"; VariantName = "[No Variations]"
Change component parameters (AddParameter): Name = "SymbolName_1"; Value = "MOUDLE_LORA_E5"; VariantName = "[No Variations]"
Change component parameters: Designator = "U3" ("U3"); Footprint = "QFN28_BNO086_CEV"; UniqueID = "\OMOZHXLO" ("\OMOZHXLO")
Change component parameters: Designator = "U4" ("U4"); Footprint = "L6920_L6920"; UniqueID = "\QSNDARLO" ("\QSNDARLO")
Change component parameters (AddParameter): Name = "Mfr_Name"; Value = "CEVA"; VariantName = "[No Variations]"
Change component parameters (AddParameter): Name = "RefDes"; Value = "RefDes"; VariantName = "[No Variations]"
Change component parameters (AddParameter): Name = "Type"; Value = "Motion Sensors"; VariantName = "[No Variations]"
Added Component: Designator=A1(LoRa_ANT_915_shorter_1_loop)
Added Component: Designator=C19(0402)
Add component (AddParameter): Name = "DeviceName"; Value = "C0805K"; VariantName = "[No Variations]"
Add component (AddParameter): Name = "DeviceSetName"; Value = "C-EU"; VariantName = "[No Variations]"
Add component (AddParameter): Name = "GateName_1"; Value = "G$1"; VariantName = "[No Variations]"
Add component (AddParameter): Name = "LibraryName"; Value = "rcl"; VariantName = "[No Variations]"
Add component (AddParameter): Name = "SymbolName_1"; Value = "C-EU"; VariantName = "[No Variations]"
Added Component: Designator=C20(0402)
Add component (AddParameter): Name = "DeviceName"; Value = "C0805"; VariantName = "[No Variations]"
Add component (AddParameter): Name = "DeviceSetName"; Value = "RCL_C-EU"; VariantName = "[No Variations]"
Add component (AddParameter): Name = "GateName_1"; Value = "G$1"; VariantName = "[No Variations]"
Add component (AddParameter): Name = "LibraryName"; Value = "AmbaSat-1v1-01-NO-solar"; VariantName = "[No Variations]"
Add component (AddParameter): Name = "Package"; Value = "RCL_C0805"; VariantName = "[No Variations]"
Add component (AddParameter): Name = "SymbolName_1"; Value = "RCL_C-EU"; VariantName = "[No Variations]"
Added Component: Designator=L2(ASPI-0315FS_ASPI-0315FS - The_real_one)
Add component (AddParameter): Name = "DeviceName"; Value = ""; VariantName = "[No Variations]"
Add component (AddParameter): Name = "DeviceSetName"; Value = "ASPI-0315FS"; VariantName = "[No Variations]"
Add component (AddParameter): Name = "GateName_1"; Value = "G$1"; VariantName = "[No Variations]"
Add component (AddParameter): Name = "LibraryName"; Value = "ASPI-0315FS"; VariantName = "[No Variations]"
Add component (AddParameter): Name = "SymbolName_1"; Value = "ASPI-0315FS"; VariantName = "[No Variations]"
Added Component: Designator=U?(L6920_L6920)
Add component (AddParameter): Name = "DeviceName"; Value = ""; VariantName = "[No Variations]"
Add component (AddParameter): Name = "DeviceSetName"; Value = "L6920"; VariantName = "[No Variations]"
Add component (AddParameter): Name = "GateName_1"; Value = "G$1"; VariantName = "[No Variations]"
Add component (AddParameter): Name = "LibraryName"; Value = "L6920"; VariantName = "[No Variations]"
Add component (AddParameter): Name = "SymbolName_1"; Value = "L6920"; VariantName = "[No Variations]"
Added Pin To Net: NetName=LoRa_ANT Pin=A1-ANT
Added Pin To Net: NetName=VCC Pin=C1-1
Added Pin To Net: NetName=GND Pin=C1-2
Added Pin To Net: NetName=VIN Pin=C2-1
Added Pin To Net: NetName=GND Pin=C2-2
Added Pin To Net: NetName=LoRa_ANT Pin=C3-1
Added Pin To Net: NetName=LoRa_ANT_Tuning Pin=C3-2
Added Pin To Net: NetName=GPS_ANT_Tuning Pin=C4-1
Added Pin To Net: NetName=GPS_ANT Pin=C4-2
Added Pin To Net: NetName=GND Pin=C5-1
Added Pin To Net: NetName=LoRa_ANT Pin=C5-2
Added Pin To Net: NetName=LoRa_ANT_Tuning Pin=C6-1
Added Pin To Net: NetName=GPS_ANT_Tuning Pin=C7-1
Added Pin To Net: NetName=GPS_ANT Pin=C8-1
Added Pin To Net: NetName=VCC Pin=C11-1
Added Pin To Net: NetName=GND Pin=C11-2
Added Pin To Net: NetName=GND Pin=C13-1
Added Pin To Net: NetName=VIN Pin=C13-2
Added Pin To Net: NetName=VCC Pin=C14-1
Added Pin To Net: NetName=VCC Pin=C17-1
Added Pin To Net: NetName=GND Pin=C19-2
Added Pin To Net: NetName=VCC Pin=C20-1
Added Pin To Net: NetName=GND Pin=C20-2
Added Pin To Net: NetName=VIN Pin=L2-2
Added Pin To Net: NetName=VIN Pin=U1-5
Added Pin To Net: NetName=NetL1_1 Pin=U1-7
Added Pin To Net: NetName=VCC Pin=U1-8
Added Pin To Net: NetName=VCC Pin=U2-1
Added Pin To Net: NetName=GND Pin=U2-2
Added Pin To Net: NetName=SWDIO Pin=U2-3
Added Pin To Net: NetName=SWCLK Pin=U2-4
Added Pin To Net: NetName=SCL Pin=U2-5
Added Pin To Net: NetName=SDA Pin=U2-6
Added Pin To Net: NetName=IMU_RESET Pin=U2-7
Added Pin To Net: NetName=IMU_INTN Pin=U2-8
Added Pin To Net: NetName=RX Pin=U2-9
Added Pin To Net: NetName=TX Pin=U2-10
Added Pin To Net: NetName=GPS_RESET Pin=U2-11
Added Pin To Net: NetName=GPS_RX Pin=U2-12
Added Pin To Net: NetName=GPS_TX Pin=U2-13
Added Pin To Net: NetName=GND Pin=U2-14
Added Pin To Net: NetName=PI_NETWORK_LoRa Pin=U2-15
Added Pin To Net: NetName=GND Pin=U2-16
Added Pin To Net: NetName=NRST Pin=U2-17
Added Pin To Net: NetName=NetR4_2 Pin=U2-21
Added Pin To Net: NetName=GND Pin=U2-22
Added Pin To Net: NetName=SCK Pin=U2-24
Added Pin To Net: NetName=CS Pin=U2-25
Added Pin To Net: NetName=MISO Pin=U2-26
Added Pin To Net: NetName=MOSI Pin=U2-27
Added Pin To Net: NetName=GND Pin=U3-1
Added Pin To Net: NetName=GPS_RX Pin=U3-2
Added Pin To Net: NetName=GPS_TX Pin=U3-3
Added Pin To Net: NetName=NetR3_1 Pin=U3-4
Added Pin To Net: NetName=NetR5_2 Pin=U3-6
Added Pin To Net: NetName=VCC Pin=U3-7
Added Pin To Net: NetName=VCC Pin=U3-8
Added Pin To Net: NetName=NetR6_2 Pin=U3-9
Added Pin To Net: NetName=PI_NETWORK_GPS Pin=U3-11
Added Pin To Net: NetName=GND Pin=U3-12
Added Pin To Net: NetName=GND Pin=U4-2
Added Pin To Net: NetName=VCC Pin=U4-3
Added Pin To Net: NetName=NetR10_1 Pin=U4-4
Added Pin To Net: NetName=NetR11_1 Pin=U4-5
Added Pin To Net: NetName=NetR13_1 Pin=U4-6
Added Pin To Net: NetName=GND Pin=U4-10
Added Pin To Net: NetName=IMU_RESET Pin=U4-11
Added Pin To Net: NetName=IMU_INTN Pin=U4-14
Added Pin To Net: NetName=NetR17_1 Pin=U4-17
Added Pin To Net: NetName=NetR14_2 Pin=U4-18
Added Pin To Net: NetName=SCL Pin=U4-19
Added Pin To Net: NetName=SDA Pin=U4-20
Added Pin To Net: NetName=GND Pin=U4-25
Added Pin To Net: NetName=NetC16_1 Pin=U4-27
Added Pin To Net: NetName=VCC Pin=U4-28
Added Pin To Net: NetName=VCC Pin=U?-1
Added Pin To Net: NetName=VIN Pin=U?-5
Added Pin To Net: NetName=GND Pin=U?-6
Added Pin To Net: NetName=VCC Pin=U?-8
Added Pin To Net: NetName=NetC16_1 Pin=Y1-2
Added Pin To Net: NetName=NetC18_1 Pin=C18-1
Added Pin To Net: NetName=NetC18_1 Pin=U4-26
Added Pin To Net: NetName=NetC18_1 Pin=Y1-1
Added Net: Name=NetC18_1
Added Pin To Net: NetName=NetC19_1 Pin=C19-1
Added Pin To Net: NetName=NetC19_1 Pin=U4-9
Added Net: Name=NetC19_1
Added Pin To Net: NetName=NetL2_1 Pin=L2-1
Added Pin To Net: NetName=NetL2_1 Pin=U?-7
Added Net: Name=NetL2_1
Change Class Name : Old Net Name=V2 New Net Name=V2.1.2
Added Member To Class: ClassName=V2.1.2 Member=Component A1 helical_antenna_shorter_1_loop
Added Member To Class: ClassName=V2.1.2 Member=Component C19 0.1uF
Added Member To Class: ClassName=V2.1.2 Member=Component C20 100nF
Added Member To Class: ClassName=V2.1.2 Member=Component L2 10uH
Added Member To Class: ClassName=V2.1.2 Member=Component U? L6920
Added Rule: Name=Schematic Impedance Constraint_4
Added Rule: Name=Schematic Impedance Constraint_6
Added Rule: Name=Schematic Impedance Constraint_7
Added Rule: Name=Schematic Impedance Constraint_8
Added Rule: Name=Schematic Impedance Constraint_9
