Removed Pin From Net: NetName=GPS_ANT_Tuning Pin=C1-1
Removed Pin From Net: NetName=GPS_ANT Pin=C1-2
Removed Pin From Net: NetName=LoRa_ANT Pin=C2-1
Removed Pin From Net: NetName=LoRa_ANT_Tuning Pin=C2-2
Removed Pin From Net: NetName=GND Pin=C3-1
Removed Pin From Net: NetName=LoRa_ANT Pin=C3-2
Removed Pin From Net: NetName=LoRa_ANT_Tuning Pin=C4-1
Removed Pin From Net: NetName=GND Pin=C4-2
Removed Pin From Net: NetName=GPS_ANT_Tuning Pin=C5-1
Removed Pin From Net: NetName=GND Pin=C5-2
Removed Pin From Net: NetName=GPS_ANT Pin=C6-1
Removed Pin From Net: NetName=VCC Pin=C7-1
Removed Pin From Net: NetName=VCC Pin=C8-1
Removed Pin From Net: NetName=GND Pin=C11-1
Removed Pin From Net: NetName=VIN Pin=C11-2
Removed Pin From Net: NetName=VCC Pin=C13-1
Removed Pin From Net: NetName=GND Pin=C13-2
Removed Pin From Net: NetName=NetC14_1 Pin=C14-1
Removed Pin From Net: NetName=NetC16_1 Pin=C16-1
Removed Pin From Net: NetName=NetC17_1 Pin=C17-1
Removed Pin From Net: NetName=VCC Pin=C18-1
Removed Pin From Net: NetName=VCC Pin=U1-1
Removed Pin From Net: NetName=GND Pin=U1-2
Removed Pin From Net: NetName=SWDIO Pin=U1-3
Removed Pin From Net: NetName=SWCLK Pin=U1-4
Removed Pin From Net: NetName=SCL Pin=U1-5
Removed Pin From Net: NetName=SDA Pin=U1-6
Removed Pin From Net: NetName=IMU_RESET Pin=U1-7
Removed Pin From Net: NetName=IMU_INTN Pin=U1-8
Removed Pin From Net: NetName=RX Pin=U1-9
Removed Pin From Net: NetName=TX Pin=U1-10
Removed Pin From Net: NetName=GPS_RESET Pin=U1-11
Removed Pin From Net: NetName=GPS_RX Pin=U1-12
Removed Pin From Net: NetName=GPS_TX Pin=U1-13
Removed Pin From Net: NetName=GND Pin=U1-14
Removed Pin From Net: NetName=PI_NETWORK_LoRa Pin=U1-15
Removed Pin From Net: NetName=GND Pin=U1-16
Removed Pin From Net: NetName=NRST Pin=U1-17
Removed Pin From Net: NetName=NetR4_2 Pin=U1-21
Removed Pin From Net: NetName=GND Pin=U1-22
Removed Pin From Net: NetName=SCK Pin=U1-24
Removed Pin From Net: NetName=CS Pin=U1-25
Removed Pin From Net: NetName=MISO Pin=U1-26
Removed Pin From Net: NetName=MOSI Pin=U1-27
Removed Pin From Net: NetName=GND Pin=U2-1
Removed Pin From Net: NetName=GPS_RX Pin=U2-2
Removed Pin From Net: NetName=GPS_TX Pin=U2-3
Removed Pin From Net: NetName=NetR3_1 Pin=U2-4
Removed Pin From Net: NetName=NetR5_2 Pin=U2-6
Removed Pin From Net: NetName=VCC Pin=U2-7
Removed Pin From Net: NetName=VCC Pin=U2-8
Removed Pin From Net: NetName=NetR6_2 Pin=U2-9
Removed Pin From Net: NetName=GND Pin=U2-10
Removed Pin From Net: NetName=PI_NETWORK_GPS Pin=U2-11
Removed Pin From Net: NetName=GND Pin=U2-12
Removed Pin From Net: NetName=GND Pin=U3-2
Removed Pin From Net: NetName=VCC Pin=U3-3
Removed Pin From Net: NetName=NetR10_1 Pin=U3-4
Removed Pin From Net: NetName=NetR11_1 Pin=U3-5
Removed Pin From Net: NetName=NetR13_1 Pin=U3-6
Removed Pin From Net: NetName=NetC17_1 Pin=U3-9
Removed Pin From Net: NetName=IMU_RESET Pin=U3-11
Removed Pin From Net: NetName=IMU_INTN Pin=U3-14
Removed Pin From Net: NetName=NetR17_1 Pin=U3-17
Removed Pin From Net: NetName=NetR14_2 Pin=U3-18
Removed Pin From Net: NetName=SCL Pin=U3-19
Removed Pin From Net: NetName=SDA Pin=U3-20
Removed Pin From Net: NetName=GND Pin=U3-25
Removed Pin From Net: NetName=NetC16_1 Pin=U3-26
Removed Pin From Net: NetName=NetC14_1 Pin=U3-27
Removed Pin From Net: NetName=VCC Pin=U3-28
Removed Pin From Net: NetName=VCC Pin=U4-1
Removed Pin From Net: NetName=VIN Pin=U4-5
Removed Pin From Net: NetName=GND Pin=U4-6
Removed Pin From Net: NetName=NetL1_1 Pin=U4-7
Removed Pin From Net: NetName=VCC Pin=U4-8
Removed Member From Class: ClassName=V2.1.2 Member=U6
Change Component Footprint: Designator=C7 Old Footprint=0402 New Footprint=PI_NET_CAPACITOR_0402
Change Component Footprint: Designator=C10 Old Footprint=0402 New Footprint=RCL_M0805
Change Component Footprint: Designator=C13 Old Footprint=0402 New Footprint=RCL_M0805
Change Component Footprint: Designator=U2 Old Footprint=FP-MAX-M10S-00B-MFG - duplicate New Footprint=MODULE28P-1-25-12X12X2-5MM
Change Component Footprint: Designator=U4 Old Footprint=L6920_L6920 New Footprint=QFN28_BNO086_CEV
Change Component Footprint: Designator=U3 Old Footprint=QFN28_BNO086_CEV New Footprint=FP-MAX-M10S-00B-MFG - duplicate
Change Component Footprint: Designator=C11 Old Footprint=RCL_M0805 New Footprint=0402
Change Component Footprint: Designator=C8 Old Footprint=RCL_M0805 New Footprint=PI_NET_CAPACITOR_0402
Change Component Comment : Designator=C9 Old Comment=0.1uF New Comment=4.7uF
Change Component Comment : Designator=C12 Old Comment=0.1uF New Comment=10uF
Change Component Comment : Designator=C15 Old Comment=0.1uF New Comment=10uF
Change Component Comment : Designator=C7 Old Comment=4.7uF New Comment=C0402C223K8PACTU
Change Component Comment : Designator=C10 Old Comment=10uF New Comment=47uF
Change Component Comment : Designator=C13 Old Comment=10uF New Comment=47uF
Change Component Comment : Designator=C14 Old Comment=22pF New Comment=0.1uF
Change Component Comment : Designator=C11 Old Comment=47uF New Comment=0.1uF
Change Component Comment : Designator=C8 Old Comment=47uF New Comment=C0402C223K8PACTU
Change Component Comment : Designator=C18 Old Comment=100nF New Comment=22pF
Change Component Comment : Designator=U3 Old Comment=BNO085 New Comment=MAX-M10S-00B
Change Component Comment : Designator=U4 Old Comment=L6920 New Comment=BNO085
Change Component Comment : Designator=U2 Old Comment=MAX-M10S-00B New Comment=MODULE_LORA_E5
Change Component Designator: OldDesignator=C3 NewDesignator=C1
Change Component Designator: OldDesignator=C4 NewDesignator=C2
Change Component Designator: OldDesignator=C5 NewDesignator=C3
Change Component Designator: OldDesignator=C6 NewDesignator=C4
Change Component Designator: OldDesignator=C7 NewDesignator=C5
Change Component Designator: OldDesignator=C8 NewDesignator=C6
Change Component Designator: OldDesignator=C9 NewDesignator=C7
Change Component Designator: OldDesignator=C10 NewDesignator=C8
Change Component Designator: OldDesignator=C11 NewDesignator=C9
Change Component Designator: OldDesignator=C12 NewDesignator=C10
Change Component Designator: OldDesignator=C13 NewDesignator=C11
Change Component Designator: OldDesignator=C14 NewDesignator=C12
Change Component Designator: OldDesignator=C15 NewDesignator=C13
Change Component Designator: OldDesignator=C16 NewDesignator=C14
Change Component Designator: OldDesignator=C17 NewDesignator=C15
Change Component Designator: OldDesignator=C18 NewDesignator=C16
Change Component Designator: OldDesignator=U2 NewDesignator=U1
Change Component Designator: OldDesignator=U3 NewDesignator=U2
Change Component Designator: OldDesignator=U4 NewDesignator=U3
Change Component Designator: OldDesignator=U5 NewDesignator=U4
Change Component Designator: OldDesignator=U6 NewDesignator=U5
Added Component: Designator=A1(LoRa_ANT_915_shorter_1_loop)
Added Component: Designator=C17(0402)
Add component (AddParameter): Name = "DeviceName"; Value = "C0805K"; VariantName = "[No Variations]"
Add component (AddParameter): Name = "DeviceSetName"; Value = "C-EU"; VariantName = "[No Variations]"
Add component (AddParameter): Name = "GateName_1"; Value = "G$1"; VariantName = "[No Variations]"
Add component (AddParameter): Name = "LibraryName"; Value = "rcl"; VariantName = "[No Variations]"
Add component (AddParameter): Name = "SymbolName_1"; Value = "C-EU"; VariantName = "[No Variations]"
Added Component: Designator=C18(0402)
Add component (AddParameter): Name = "DeviceName"; Value = "C0805"; VariantName = "[No Variations]"
Add component (AddParameter): Name = "DeviceSetName"; Value = "RCL_C-EU"; VariantName = "[No Variations]"
Add component (AddParameter): Name = "GateName_1"; Value = "G$1"; VariantName = "[No Variations]"
Add component (AddParameter): Name = "LibraryName"; Value = "AmbaSat-1v1-01-NO-solar"; VariantName = "[No Variations]"
Add component (AddParameter): Name = "Package"; Value = "RCL_C0805"; VariantName = "[No Variations]"
Add component (AddParameter): Name = "SymbolName_1"; Value = "RCL_C-EU"; VariantName = "[No Variations]"
Added Component: Designator=U?(L6920_L6920)
Add component (AddParameter): Name = "DeviceName"; Value = ""; VariantName = "[No Variations]"
Add component (AddParameter): Name = "DeviceSetName"; Value = "L6920"; VariantName = "[No Variations]"
Add component (AddParameter): Name = "GateName_1"; Value = "G$1"; VariantName = "[No Variations]"
Add component (AddParameter): Name = "LibraryName"; Value = "L6920"; VariantName = "[No Variations]"
Add component (AddParameter): Name = "SymbolName_1"; Value = "L6920"; VariantName = "[No Variations]"
Added Pin To Net: NetName=LoRa_ANT Pin=A1-ANT
Added Pin To Net: NetName=LoRa_ANT Pin=C1-1
Added Pin To Net: NetName=LoRa_ANT_Tuning Pin=C1-2
Added Pin To Net: NetName=GPS_ANT_Tuning Pin=C2-1
Added Pin To Net: NetName=GPS_ANT Pin=C2-2
Added Pin To Net: NetName=GND Pin=C3-1
Added Pin To Net: NetName=LoRa_ANT Pin=C3-2
Added Pin To Net: NetName=LoRa_ANT_Tuning Pin=C4-1
Added Pin To Net: NetName=GPS_ANT_Tuning Pin=C5-1
Added Pin To Net: NetName=GPS_ANT Pin=C6-1
Added Pin To Net: NetName=VCC Pin=C9-1
Added Pin To Net: NetName=GND Pin=C9-2
Added Pin To Net: NetName=GND Pin=C11-1
Added Pin To Net: NetName=VIN Pin=C11-2
Added Pin To Net: NetName=VCC Pin=C12-1
Added Pin To Net: NetName=NetC14_1 Pin=C14-1
Added Pin To Net: NetName=VCC Pin=C15-1
Added Pin To Net: NetName=NetC16_1 Pin=C16-1
Added Pin To Net: NetName=NetC17_1 Pin=C17-1
Added Pin To Net: NetName=GND Pin=C17-2
Added Pin To Net: NetName=VCC Pin=C18-1
Added Pin To Net: NetName=GND Pin=C18-2
Added Pin To Net: NetName=VCC Pin=U1-1
Added Pin To Net: NetName=GND Pin=U1-2
Added Pin To Net: NetName=SWDIO Pin=U1-3
Added Pin To Net: NetName=SWCLK Pin=U1-4
Added Pin To Net: NetName=SCL Pin=U1-5
Added Pin To Net: NetName=SDA Pin=U1-6
Added Pin To Net: NetName=IMU_RESET Pin=U1-7
Added Pin To Net: NetName=IMU_INTN Pin=U1-8
Added Pin To Net: NetName=RX Pin=U1-9
Added Pin To Net: NetName=TX Pin=U1-10
Added Pin To Net: NetName=GPS_RESET Pin=U1-11
Added Pin To Net: NetName=GPS_RX Pin=U1-12
Added Pin To Net: NetName=GPS_TX Pin=U1-13
Added Pin To Net: NetName=GND Pin=U1-14
Added Pin To Net: NetName=PI_NETWORK_LoRa Pin=U1-15
Added Pin To Net: NetName=GND Pin=U1-16
Added Pin To Net: NetName=NRST Pin=U1-17
Added Pin To Net: NetName=NetR4_2 Pin=U1-21
Added Pin To Net: NetName=GND Pin=U1-22
Added Pin To Net: NetName=SCK Pin=U1-24
Added Pin To Net: NetName=CS Pin=U1-25
Added Pin To Net: NetName=MISO Pin=U1-26
Added Pin To Net: NetName=MOSI Pin=U1-27
Added Pin To Net: NetName=GND Pin=U2-1
Added Pin To Net: NetName=GPS_RX Pin=U2-2
Added Pin To Net: NetName=GPS_TX Pin=U2-3
Added Pin To Net: NetName=NetR3_1 Pin=U2-4
Added Pin To Net: NetName=NetR5_2 Pin=U2-6
Added Pin To Net: NetName=VCC Pin=U2-7
Added Pin To Net: NetName=VCC Pin=U2-8
Added Pin To Net: NetName=NetR6_2 Pin=U2-9
Added Pin To Net: NetName=PI_NETWORK_GPS Pin=U2-11
Added Pin To Net: NetName=GND Pin=U2-12
Added Pin To Net: NetName=GND Pin=U3-2
Added Pin To Net: NetName=VCC Pin=U3-3
Added Pin To Net: NetName=NetR10_1 Pin=U3-4
Added Pin To Net: NetName=NetR11_1 Pin=U3-5
Added Pin To Net: NetName=NetR13_1 Pin=U3-6
Added Pin To Net: NetName=NetC17_1 Pin=U3-9
Added Pin To Net: NetName=GND Pin=U3-10
Added Pin To Net: NetName=IMU_RESET Pin=U3-11
Added Pin To Net: NetName=IMU_INTN Pin=U3-14
Added Pin To Net: NetName=NetR17_1 Pin=U3-17
Added Pin To Net: NetName=NetR14_2 Pin=U3-18
Added Pin To Net: NetName=SCL Pin=U3-19
Added Pin To Net: NetName=SDA Pin=U3-20
Added Pin To Net: NetName=GND Pin=U3-25
Added Pin To Net: NetName=NetC16_1 Pin=U3-26
Added Pin To Net: NetName=NetC14_1 Pin=U3-27
Added Pin To Net: NetName=VCC Pin=U3-28
Added Pin To Net: NetName=VCC Pin=U?-1
Added Pin To Net: NetName=VIN Pin=U?-5
Added Pin To Net: NetName=GND Pin=U?-6
Added Pin To Net: NetName=NetL1_1 Pin=U?-7
Added Pin To Net: NetName=VCC Pin=U?-8
Added Member To Class: ClassName=V2.1.2 Member=Component A1 helical_antenna_shorter_1_loop
Added Member To Class: ClassName=V2.1.2 Member=Component U? L6920
