Add component: Footprint Not Found RCL_M0805
Add component: Footprint Not Found RCL_M0805
Add component: Footprint Not Found 0805
Add component: Footprint Not Found RCL_M0805
Add component: Footprint Not Found RCL_M0805
Add component: Footprint Not Found RCL_M0805
Add component: Footprint Not Found RCL_M0805
Add component: Footprint Not Found RCL_M0805
Add component: Footprint Not Found RCL_M0805
Add component: Footprint Not Found RCL_M0805
Add Pin To Net: Unknown Pin: Pin R19-1
Add Pin To Net: Unknown Pin: Pin R19-2
Add Pin To Net: Unknown Pin: Pin R20-1
Add Pin To Net: Unknown Pin: Pin R20-2
Add Pin To Net: Unknown Pin: Pin R21-1
Add Pin To Net: Unknown Pin: Pin R21-2
Add Pin To Net: Unknown Pin: Pin R22-1
Add Pin To Net: Unknown Pin: Pin R22-2
Add Pin To Net: Unknown Pin: Pin R23-1
Add Pin To Net: Unknown Pin: Pin R23-2
Add Pin To Net: Unknown Pin: Pin R24-1
Add Pin To Net: Unknown Pin: Pin R24-2
Add Pin To Net: Unknown Pin: Pin R25-1
Add Pin To Net: Unknown Pin: Pin R25-2
Add Pin To Net: Unknown Pin: Pin R26-1
Add Pin To Net: Unknown Pin: Pin R26-2
Add Pin To Net: Unknown Pin: Pin R27-1
Add Pin To Net: Unknown Pin: Pin R27-2
Add Pin To Net: Unknown Pin: Pin R28-1
Add Pin To Net: Unknown Pin: Pin R28-2
Add Class Member: Failed to add class member : Component R19 0402Resistor
Add Class Member: Failed to add class member : Component R20 0402Resistor
Add Class Member: Failed to add class member : Component R21 k
Add Class Member: Failed to add class member : Component R22 0402Resistor
Add Class Member: Failed to add class member : Component R23 0402Resistor
Add Class Member: Failed to add class member : Component R24 0402Resistor
Add Class Member: Failed to add class member : Component R25 0402Resistor
Add Class Member: Failed to add class member : Component R26 0402Resistor
Add Class Member: Failed to add class member : Component R27 0402Resistor
Add Class Member: Failed to add class member : Component R28 0402Resistor
