Added Component: Designator=U4(BQ25570_With_Vias)
Add component (AddParameter): Name = "Case/Package"; Value = "VQFN"; VariantName = "[No Variations]"
Add component (AddParameter): Name = "Contact Plating"; Value = "Gold"; VariantName = "[No Variations]"
Add component (AddParameter): Name = "Lead Free"; Value = "Lead Free"; VariantName = "[No Variations]"
Add component (AddParameter): Name = "Max Operating Temperature"; Value = "125°C"; VariantName = "[No Variations]"
Add component (AddParameter): Name = "Min Operating Temperature"; Value = "-40°C"; VariantName = "[No Variations]"
Add component (AddParameter): Name = "Mount"; Value = "Surface Mount"; VariantName = "[No Variations]"
Add component (AddParameter): Name = "Number of Pins"; Value = "20"; VariantName = "[No Variations]"
Add component (AddParameter): Name = "Operating Supply Current"; Value = "488nA"; VariantName = "[No Variations]"
Add component (AddParameter): Name = "Operating Supply Voltage"; Value = "4V"; VariantName = "[No Variations]"
Add component (AddParameter): Name = "Output Current"; Value = "100mA"; VariantName = "[No Variations]"
Add component (AddParameter): Name = "Package Quantity"; Value = "3000"; VariantName = "[No Variations]"
Add component (AddParameter): Name = "Packaging"; Value = "Tape and Reel"; VariantName = "[No Variations]"
Add component (AddParameter): Name = "RoHS Compliant"; Value = "Yes"; VariantName = "[No Variations]"
Add component (AddParameter): Name = "Switching Frequency"; Value = "1MHz"; VariantName = "[No Variations]"
Added Pin To Net: NetName=GND Pin=U4-1
Added Pin To Net: NetName=Solar_Positive Pin=U4-2
Added Pin To Net: NetName=VOC_SAMP Pin=U4-3
Added Pin To Net: NetName=VREF_SAMP Pin=U4-4
Added Pin To Net: NetName=EN Pin=U4-5
Added Pin To Net: NetName=VOUT_EN Pin=U4-6
Added Pin To Net: NetName=VBAT_OK Pin=U4-7
Added Pin To Net: NetName=VRDIV Pin=U4-8
Added Pin To Net: NetName=GND Pin=U4-9
Added Pin To Net: NetName=OK_HYST Pin=U4-10
Added Pin To Net: NetName=OK_PROG Pin=U4-11
Added Pin To Net: NetName=VOUT_SET Pin=U4-12
Added Pin To Net: NetName=VBAT_OV Pin=U4-13
Added Pin To Net: NetName=VCC Pin=U4-14
Added Pin To Net: NetName=GND Pin=U4-15
Added Pin To Net: NetName=LBUCK Pin=U4-16
Added Pin To Net: NetName=GND Pin=U4-17
Added Pin To Net: NetName=Bat_Positive Pin=U4-18
Added Pin To Net: NetName=VOUT_EN Pin=U4-19
Added Pin To Net: NetName=LBOOST Pin=U4-20
Added Pin To Net: NetName=GND Pin=U4-21
Added Member To Class: ClassName=V2.3SB Member=Component U4 BQ25570RGRR
